[debug] [2025-05-12T15:06:42.659Z] ----------------------------------------------------------------------
[debug] [2025-05-12T15:06:42.668Z] Command:       C:\Program Files\nodejs\node.exe C:\Users\hamza\AppData\Roaming\npm\node_modules\firebase-tools\lib\bin\firebase.js init
[debug] [2025-05-12T15:06:42.669Z] CLI Version:   14.2.2
[debug] [2025-05-12T15:06:42.670Z] Platform:      win32
[debug] [2025-05-12T15:06:42.670Z] Node Version:  v22.14.0
[debug] [2025-05-12T15:06:42.671Z] Time:          Mon May 12 2025 20:06:42 GMT+0500 (Pakistan Standard Time)
[debug] [2025-05-12T15:06:42.672Z] ----------------------------------------------------------------------
[debug] 
[debug] [2025-05-12T15:06:42.679Z] >>> [apiv2][query] GET https://firebase-public.firebaseio.com/cli.json [none]
[debug] [2025-05-12T15:06:42.821Z] > command requires scopes: ["email","openid","https://www.googleapis.com/auth/cloudplatformprojects.readonly","https://www.googleapis.com/auth/firebase","https://www.googleapis.com/auth/cloud-platform"]
[debug] [2025-05-12T15:06:42.822Z] > authorizing via signed-in user (hamzakabeer021@gmail.com)
[info] 
     ######## #### ########  ######## ########     ###     ######  ########
     ##        ##  ##     ## ##       ##     ##  ##   ##  ##       ##
     ######    ##  ########  ######   ########  #########  ######  ######
     ##        ##  ##    ##  ##       ##     ## ##     ##       ## ##
     ##       #### ##     ## ######## ########  ##     ##  ######  ########

You're about to initialize a Firebase project in this directory:

  E:\mcqs-creater-tool

[debug] [2025-05-12T15:06:43.639Z] <<< [apiv2][status] GET https://firebase-public.firebaseio.com/cli.json 200
[debug] [2025-05-12T15:06:43.640Z] <<< [apiv2][body] GET https://firebase-public.firebaseio.com/cli.json {"cloudBuildErrorAfter":1594252800000,"cloudBuildWarnAfter":1590019200000,"defaultNode10After":1594252800000,"minVersion":"3.0.5","node8DeploysDisabledAfter":1613390400000,"node8RuntimeDisabledAfter":1615809600000,"node8WarnAfter":1600128000000}
